{"E:\\IT_and_programing\\Frontend\\8.0_Homeworks\\Task_11.1\\src\\js\\Team.js": {"path":"E:\\IT_and_programing\\Frontend\\8.0_Homeworks\\Task_11.1\\src\\js\\Team.js","statementMap":{"0":{"start":{"line":5,"column":10},"end":{"line":5,"column":31}},"1":{"start":{"line":9,"column":16},"end":{"line":16,"column":3}},"2":{"start":{"line":18,"column":16},"end":{"line":25,"column":3}},"3":{"start":{"line":27,"column":16},"end":{"line":34,"column":3}},"4":{"start":{"line":36,"column":15},"end":{"line":36,"column":44}},"5":{"start":{"line":37,"column":0},"end":{"line":37,"column":20}},"6":{"start":{"line":38,"column":0},"end":{"line":57,"column":1}},"7":{"start":{"line":39,"column":16},"end":{"line":39,"column":28}},"8":{"start":{"line":40,"column":18},"end":{"line":40,"column":19}},"9":{"start":{"line":41,"column":15},"end":{"line":41,"column":38}},"10":{"start":{"line":42,"column":4},"end":{"line":56,"column":5}},"11":{"start":{"line":44,"column":12},"end":{"line":54,"column":13}},"12":{"start":{"line":45,"column":16},"end":{"line":49,"column":17}},"13":{"start":{"line":51,"column":16},"end":{"line":53,"column":17}},"14":{"start":{"line":61,"column":8},"end":{"line":61,"column":9}},"15":{"start":{"line":62,"column":0},"end":{"line":65,"column":1}},"16":{"start":{"line":63,"column":4},"end":{"line":63,"column":7}},"17":{"start":{"line":64,"column":4},"end":{"line":64,"column":18}},"18":{"start":{"line":66,"column":0},"end":{"line":66,"column":14}}},"fnMap":{"0":{"name":"(anonymous_0)","decl":{"start":{"line":4,"column":6},"end":{"line":4,"column":7}},"loc":{"start":{"line":4,"column":28},"end":{"line":6,"column":7}},"line":4},"1":{"name":"(anonymous_1)","decl":{"start":{"line":38,"column":26},"end":{"line":38,"column":27}},"loc":{"start":{"line":38,"column":37},"end":{"line":57,"column":1}},"line":38},"2":{"name":"(anonymous_2)","decl":{"start":{"line":43,"column":8},"end":{"line":43,"column":9}},"loc":{"start":{"line":43,"column":15},"end":{"line":55,"column":9}},"line":43}},"branchMap":{"0":{"loc":{"start":{"line":44,"column":12},"end":{"line":54,"column":13}},"type":"if","locations":[{"start":{"line":44,"column":12},"end":{"line":54,"column":13}},{"start":{"line":44,"column":12},"end":{"line":54,"column":13}}],"line":44}},"s":{"0":1,"1":1,"2":1,"3":1,"4":1,"5":1,"6":1,"7":2,"8":2,"9":2,"10":2,"11":8,"12":6,"13":2,"14":1,"15":1,"16":3,"17":3,"18":1},"f":{"0":1,"1":2,"2":8},"b":{"0":[6,2]},"_coverageSchema":"1a1c01bbd47fc00a2c39e90264f33305004495a9","hash":"2de1b48bde8434203cf065fb460143175b455d9b"}
}
